#! /c/Source/iverilog-install/bin/vvp
:ivl_version "12.0 (devel)" "(s20150603-1539-g2693dd32b)";
:ivl_delay_selection "TYPICAL";
:vpi_time_precision + 0;
:vpi_module "C:\iverilog\lib\ivl\system.vpi";
:vpi_module "C:\iverilog\lib\ivl\vhdl_sys.vpi";
:vpi_module "C:\iverilog\lib\ivl\vhdl_textio.vpi";
:vpi_module "C:\iverilog\lib\ivl\v2005_math.vpi";
:vpi_module "C:\iverilog\lib\ivl\va_math.vpi";
S_0000020f2a27b740 .scope module, "tb_vending_mealy" "tb_vending_mealy" 2 1;
 .timescale 0 0;
v0000020f2a3030a0_0 .net "chg5", 0 0, v0000020f2a303340_0;  1 drivers
v0000020f2a386fe0_0 .var "clk", 0 0;
v0000020f2a387080_0 .var "coin", 1 0;
v0000020f2a387120_0 .net "dispense", 0 0, v0000020f2a279320_0;  1 drivers
v0000020f2a3871c0_0 .var "rst", 0 0;
S_0000020f2a27b8d0 .scope module, "dut" "vending_mealy" 2 6, 3 1 0, S_0000020f2a27b740;
 .timescale 0 0;
    .port_info 0 /INPUT 1 "clk";
    .port_info 1 /INPUT 1 "rst";
    .port_info 2 /INPUT 2 "coin";
    .port_info 3 /OUTPUT 1 "dispense";
    .port_info 4 /OUTPUT 1 "chg5";
P_0000020f2a27ba60 .param/l "S0" 1 3 10, C4<00>;
P_0000020f2a27ba98 .param/l "S10" 1 3 12, C4<10>;
P_0000020f2a27bad0 .param/l "S15" 1 3 13, C4<11>;
P_0000020f2a27bb08 .param/l "S5" 1 3 11, C4<01>;
v0000020f2a303340_0 .var "chg5", 0 0;
v0000020f2a303560_0 .net "clk", 0 0, v0000020f2a386fe0_0;  1 drivers
v0000020f2a279280_0 .net "coin", 1 0, v0000020f2a387080_0;  1 drivers
v0000020f2a279320_0 .var "dispense", 0 0;
v0000020f2a278d30_0 .var "next_state", 1 0;
v0000020f2a278dd0_0 .net "rst", 0 0, v0000020f2a3871c0_0;  1 drivers
v0000020f2a302ce0_0 .var "state", 1 0;
E_0000020f2a33dc60 .event anyedge, v0000020f2a302ce0_0, v0000020f2a279280_0;
E_0000020f2a3354c0 .event posedge, v0000020f2a303560_0;
S_0000020f2a302d80 .scope task, "put10" "put10" 2 33, 2 33 0, S_0000020f2a27b740;
 .timescale 0 0;
TD_tb_vending_mealy.put10 ;
    %wait E_0000020f2a3354c0;
    %pushi/vec4 2, 0, 2;
    %store/vec4 v0000020f2a387080_0, 0, 2;
    %wait E_0000020f2a3354c0;
    %pushi/vec4 0, 0, 2;
    %store/vec4 v0000020f2a387080_0, 0, 2;
    %end;
S_0000020f2a302f10 .scope task, "put5" "put5" 2 28, 2 28 0, S_0000020f2a27b740;
 .timescale 0 0;
TD_tb_vending_mealy.put5 ;
    %wait E_0000020f2a3354c0;
    %pushi/vec4 1, 0, 2;
    %store/vec4 v0000020f2a387080_0, 0, 2;
    %wait E_0000020f2a3354c0;
    %pushi/vec4 0, 0, 2;
    %store/vec4 v0000020f2a387080_0, 0, 2;
    %end;
    .scope S_0000020f2a27b8d0;
T_2 ;
    %wait E_0000020f2a3354c0;
    %load/vec4 v0000020f2a278dd0_0;
    %flag_set/vec4 8;
    %jmp/0xz  T_2.0, 8;
    %pushi/vec4 0, 0, 2;
    %assign/vec4 v0000020f2a302ce0_0, 0;
    %jmp T_2.1;
T_2.0 ;
    %load/vec4 v0000020f2a278d30_0;
    %assign/vec4 v0000020f2a302ce0_0, 0;
T_2.1 ;
    %jmp T_2;
    .thread T_2;
    .scope S_0000020f2a27b8d0;
T_3 ;
    %wait E_0000020f2a33dc60;
    %load/vec4 v0000020f2a302ce0_0;
    %store/vec4 v0000020f2a278d30_0, 0, 2;
    %pushi/vec4 0, 0, 1;
    %store/vec4 v0000020f2a279320_0, 0, 1;
    %pushi/vec4 0, 0, 1;
    %store/vec4 v0000020f2a303340_0, 0, 1;
    %load/vec4 v0000020f2a302ce0_0;
    %dup/vec4;
    %pushi/vec4 0, 0, 2;
    %cmp/u;
    %jmp/1 T_3.0, 6;
    %dup/vec4;
    %pushi/vec4 1, 0, 2;
    %cmp/u;
    %jmp/1 T_3.1, 6;
    %dup/vec4;
    %pushi/vec4 2, 0, 2;
    %cmp/u;
    %jmp/1 T_3.2, 6;
    %dup/vec4;
    %pushi/vec4 3, 0, 2;
    %cmp/u;
    %jmp/1 T_3.3, 6;
    %jmp T_3.4;
T_3.0 ;
    %load/vec4 v0000020f2a279280_0;
    %cmpi/e 1, 0, 2;
    %jmp/0xz  T_3.5, 4;
    %pushi/vec4 1, 0, 2;
    %store/vec4 v0000020f2a278d30_0, 0, 2;
    %jmp T_3.6;
T_3.5 ;
    %load/vec4 v0000020f2a279280_0;
    %cmpi/e 2, 0, 2;
    %jmp/0xz  T_3.7, 4;
    %pushi/vec4 2, 0, 2;
    %store/vec4 v0000020f2a278d30_0, 0, 2;
T_3.7 ;
T_3.6 ;
    %jmp T_3.4;
T_3.1 ;
    %load/vec4 v0000020f2a279280_0;
    %cmpi/e 1, 0, 2;
    %jmp/0xz  T_3.9, 4;
    %pushi/vec4 2, 0, 2;
    %store/vec4 v0000020f2a278d30_0, 0, 2;
    %jmp T_3.10;
T_3.9 ;
    %load/vec4 v0000020f2a279280_0;
    %cmpi/e 2, 0, 2;
    %jmp/0xz  T_3.11, 4;
    %pushi/vec4 3, 0, 2;
    %store/vec4 v0000020f2a278d30_0, 0, 2;
T_3.11 ;
T_3.10 ;
    %jmp T_3.4;
T_3.2 ;
    %load/vec4 v0000020f2a279280_0;
    %cmpi/e 1, 0, 2;
    %jmp/0xz  T_3.13, 4;
    %pushi/vec4 3, 0, 2;
    %store/vec4 v0000020f2a278d30_0, 0, 2;
    %jmp T_3.14;
T_3.13 ;
    %load/vec4 v0000020f2a279280_0;
    %cmpi/e 2, 0, 2;
    %jmp/0xz  T_3.15, 4;
    %pushi/vec4 1, 0, 1;
    %store/vec4 v0000020f2a279320_0, 0, 1;
    %pushi/vec4 0, 0, 2;
    %store/vec4 v0000020f2a278d30_0, 0, 2;
T_3.15 ;
T_3.14 ;
    %jmp T_3.4;
T_3.3 ;
    %load/vec4 v0000020f2a279280_0;
    %cmpi/e 1, 0, 2;
    %jmp/0xz  T_3.17, 4;
    %pushi/vec4 1, 0, 1;
    %store/vec4 v0000020f2a279320_0, 0, 1;
    %pushi/vec4 1, 0, 1;
    %store/vec4 v0000020f2a303340_0, 0, 1;
    %pushi/vec4 0, 0, 2;
    %store/vec4 v0000020f2a278d30_0, 0, 2;
    %jmp T_3.18;
T_3.17 ;
    %load/vec4 v0000020f2a279280_0;
    %cmpi/e 2, 0, 2;
    %jmp/0xz  T_3.19, 4;
    %pushi/vec4 1, 0, 1;
    %store/vec4 v0000020f2a279320_0, 0, 1;
    %pushi/vec4 0, 0, 2;
    %store/vec4 v0000020f2a278d30_0, 0, 2;
T_3.19 ;
T_3.18 ;
    %jmp T_3.4;
T_3.4 ;
    %pop/vec4 1;
    %jmp T_3;
    .thread T_3, $push;
    .scope S_0000020f2a27b740;
T_4 ;
    %delay 5, 0;
    %load/vec4 v0000020f2a386fe0_0;
    %inv;
    %store/vec4 v0000020f2a386fe0_0, 0, 1;
    %jmp T_4;
    .thread T_4;
    .scope S_0000020f2a27b740;
T_5 ;
    %vpi_call 2 12 "$dumpfile", "dump.vcd" {0 0 0};
    %vpi_call 2 13 "$dumpvars", 32'sb00000000000000000000000000000000, S_0000020f2a27b740 {0 0 0};
    %pushi/vec4 0, 0, 1;
    %store/vec4 v0000020f2a386fe0_0, 0, 1;
    %pushi/vec4 1, 0, 1;
    %store/vec4 v0000020f2a3871c0_0, 0, 1;
    %pushi/vec4 0, 0, 2;
    %store/vec4 v0000020f2a387080_0, 0, 2;
    %delay 12, 0;
    %pushi/vec4 0, 0, 1;
    %store/vec4 v0000020f2a3871c0_0, 0, 1;
    %fork TD_tb_vending_mealy.put10, S_0000020f2a302d80;
    %join;
    %fork TD_tb_vending_mealy.put10, S_0000020f2a302d80;
    %join;
    %fork TD_tb_vending_mealy.put5, S_0000020f2a302f10;
    %join;
    %fork TD_tb_vending_mealy.put5, S_0000020f2a302f10;
    %join;
    %fork TD_tb_vending_mealy.put10, S_0000020f2a302d80;
    %join;
    %fork TD_tb_vending_mealy.put10, S_0000020f2a302d80;
    %join;
    %fork TD_tb_vending_mealy.put5, S_0000020f2a302f10;
    %join;
    %fork TD_tb_vending_mealy.put10, S_0000020f2a302d80;
    %join;
    %pushi/vec4 5, 0, 32;
T_5.0 %dup/vec4;
    %pushi/vec4 0, 0, 32;
    %cmp/s;
    %jmp/1xz T_5.1, 5;
    %jmp/1 T_5.1, 4;
    %pushi/vec4 1, 0, 32;
    %sub;
    %wait E_0000020f2a3354c0;
    %jmp T_5.0;
T_5.1 ;
    %pop/vec4 1;
    %vpi_call 2 24 "$finish" {0 0 0};
    %end;
    .thread T_5;
# The file index is used to find the file name in the following table.
:file_names 4;
    "N/A";
    "<interactive>";
    "tb_vending_mealy.v";
    "vending_mealy.v";
