#! /c/Source/iverilog-install/bin/vvp
:ivl_version "12.0 (devel)" "(s20150603-1539-g2693dd32b)";
:ivl_delay_selection "TYPICAL";
:vpi_time_precision + 0;
:vpi_module "C:\iverilog\lib\ivl\system.vpi";
:vpi_module "C:\iverilog\lib\ivl\vhdl_sys.vpi";
:vpi_module "C:\iverilog\lib\ivl\vhdl_textio.vpi";
:vpi_module "C:\iverilog\lib\ivl\v2005_math.vpi";
:vpi_module "C:\iverilog\lib\ivl\va_math.vpi";
S_000001e839c3e930 .scope module, "tb_seq_detect_mealy" "tb_seq_detect_mealy" 2 1;
 .timescale 0 0;
v000001e839b549b0_0 .var "clk", 0 0;
v000001e839b54a50_0 .var "din", 0 0;
v000001e839b54af0_0 .var/i "i", 31 0;
v000001e839b54b90_0 .var "rst", 0 0;
v000001e839b54c30_0 .var "stream", 0 20;
v000001e839b54cd0_0 .net "y", 0 0, v000001e839b54910_0;  1 drivers
S_000001e839c3eac0 .scope module, "dut" "seq_detect_mealy" 2 5, 3 1 0, S_000001e839c3e930;
 .timescale 0 0;
    .port_info 0 /INPUT 1 "clk";
    .port_info 1 /INPUT 1 "rst";
    .port_info 2 /INPUT 1 "din";
    .port_info 3 /OUTPUT 1 "y";
P_000001e839c3ec50 .param/l "S0" 1 3 8, C4<00>;
P_000001e839c3ec88 .param/l "S1" 1 3 9, C4<01>;
P_000001e839c3ecc0 .param/l "S2" 1 3 10, C4<10>;
P_000001e839c3ecf8 .param/l "S3" 1 3 11, C4<11>;
v000001e839c3afd0_0 .net "clk", 0 0, v000001e839b549b0_0;  1 drivers
v000001e839c3b880_0 .net "din", 0 0, v000001e839b54a50_0;  1 drivers
v000001e839c3b920_0 .var "next_state", 1 0;
v000001e839c3b9c0_0 .net "rst", 0 0, v000001e839b54b90_0;  1 drivers
v000001e839c3ba60_0 .var "state", 1 0;
v000001e839b54910_0 .var "y", 0 0;
E_000001e839b46100 .event anyedge, v000001e839c3ba60_0, v000001e839c3b880_0;
E_000001e839b46b40 .event posedge, v000001e839c3afd0_0;
    .scope S_000001e839c3eac0;
T_0 ;
    %wait E_000001e839b46b40;
    %load/vec4 v000001e839c3b9c0_0;
    %flag_set/vec4 8;
    %jmp/0xz  T_0.0, 8;
    %pushi/vec4 0, 0, 2;
    %assign/vec4 v000001e839c3ba60_0, 0;
    %jmp T_0.1;
T_0.0 ;
    %load/vec4 v000001e839c3b920_0;
    %assign/vec4 v000001e839c3ba60_0, 0;
T_0.1 ;
    %jmp T_0;
    .thread T_0;
    .scope S_000001e839c3eac0;
T_1 ;
    %wait E_000001e839b46100;
    %load/vec4 v000001e839c3ba60_0;
    %store/vec4 v000001e839c3b920_0, 0, 2;
    %pushi/vec4 0, 0, 1;
    %store/vec4 v000001e839b54910_0, 0, 1;
    %load/vec4 v000001e839c3ba60_0;
    %dup/vec4;
    %pushi/vec4 0, 0, 2;
    %cmp/u;
    %jmp/1 T_1.0, 6;
    %dup/vec4;
    %pushi/vec4 1, 0, 2;
    %cmp/u;
    %jmp/1 T_1.1, 6;
    %dup/vec4;
    %pushi/vec4 2, 0, 2;
    %cmp/u;
    %jmp/1 T_1.2, 6;
    %dup/vec4;
    %pushi/vec4 3, 0, 2;
    %cmp/u;
    %jmp/1 T_1.3, 6;
    %jmp T_1.4;
T_1.0 ;
    %load/vec4 v000001e839c3b880_0;
    %flag_set/vec4 8;
    %jmp/0xz  T_1.5, 8;
    %pushi/vec4 1, 0, 2;
    %store/vec4 v000001e839c3b920_0, 0, 2;
T_1.5 ;
    %jmp T_1.4;
T_1.1 ;
    %load/vec4 v000001e839c3b880_0;
    %flag_set/vec4 8;
    %jmp/0xz  T_1.7, 8;
    %pushi/vec4 2, 0, 2;
    %store/vec4 v000001e839c3b920_0, 0, 2;
    %jmp T_1.8;
T_1.7 ;
    %pushi/vec4 0, 0, 2;
    %store/vec4 v000001e839c3b920_0, 0, 2;
T_1.8 ;
    %jmp T_1.4;
T_1.2 ;
    %load/vec4 v000001e839c3b880_0;
    %flag_set/vec4 8;
    %jmp/0xz  T_1.9, 8;
    %pushi/vec4 2, 0, 2;
    %store/vec4 v000001e839c3b920_0, 0, 2;
    %jmp T_1.10;
T_1.9 ;
    %pushi/vec4 3, 0, 2;
    %store/vec4 v000001e839c3b920_0, 0, 2;
T_1.10 ;
    %jmp T_1.4;
T_1.3 ;
    %load/vec4 v000001e839c3b880_0;
    %flag_set/vec4 8;
    %jmp/0xz  T_1.11, 8;
    %pushi/vec4 1, 0, 2;
    %store/vec4 v000001e839c3b920_0, 0, 2;
    %pushi/vec4 1, 0, 1;
    %store/vec4 v000001e839b54910_0, 0, 1;
    %jmp T_1.12;
T_1.11 ;
    %pushi/vec4 0, 0, 2;
    %store/vec4 v000001e839c3b920_0, 0, 2;
T_1.12 ;
    %jmp T_1.4;
T_1.4 ;
    %pop/vec4 1;
    %jmp T_1;
    .thread T_1, $push;
    .scope S_000001e839c3e930;
T_2 ;
    %delay 5, 0;
    %load/vec4 v000001e839b549b0_0;
    %inv;
    %store/vec4 v000001e839b549b0_0, 0, 1;
    %jmp T_2;
    .thread T_2;
    .scope S_000001e839c3e930;
T_3 ;
    %vpi_call 2 13 "$dumpfile", "dump.vcd" {0 0 0};
    %vpi_call 2 14 "$dumpvars", 32'sb00000000000000000000000000000000, S_000001e839c3e930 {0 0 0};
    %pushi/vec4 0, 0, 1;
    %store/vec4 v000001e839b549b0_0, 0, 1;
    %pushi/vec4 1, 0, 1;
    %store/vec4 v000001e839b54b90_0, 0, 1;
    %pushi/vec4 0, 0, 1;
    %store/vec4 v000001e839b54a50_0, 0, 1;
    %delay 12, 0;
    %pushi/vec4 0, 0, 1;
    %store/vec4 v000001e839b54b90_0, 0, 1;
    %pushi/vec4 1757, 0, 21;
    %store/vec4 v000001e839b54c30_0, 0, 21;
    %pushi/vec4 0, 0, 32;
    %store/vec4 v000001e839b54af0_0, 0, 32;
T_3.0 ;
    %load/vec4 v000001e839b54af0_0;
    %cmpi/s 11, 0, 32;
    %jmp/0xz T_3.1, 5;
    %wait E_000001e839b46b40;
    %load/vec4 v000001e839b54c30_0;
    %pushi/vec4 20, 0, 34;
    %load/vec4 v000001e839b54af0_0;
    %pad/s 34;
    %sub;
    %part/s 1;
    %store/vec4 v000001e839b54a50_0, 0, 1;
    %load/vec4 v000001e839b54af0_0;
    %addi 1, 0, 32;
    %store/vec4 v000001e839b54af0_0, 0, 32;
    %jmp T_3.0;
T_3.1 ;
    %pushi/vec4 5, 0, 32;
T_3.2 %dup/vec4;
    %pushi/vec4 0, 0, 32;
    %cmp/s;
    %jmp/1xz T_3.3, 5;
    %jmp/1 T_3.3, 4;
    %pushi/vec4 1, 0, 32;
    %sub;
    %wait E_000001e839b46b40;
    %jmp T_3.2;
T_3.3 ;
    %pop/vec4 1;
    %vpi_call 2 29 "$finish" {0 0 0};
    %end;
    .thread T_3;
# The file index is used to find the file name in the following table.
:file_names 4;
    "N/A";
    "<interactive>";
    "tb_seq_detect_mealy.v";
    "seq_detect_mealy.v";
