#! /c/Source/iverilog-install/bin/vvp
:ivl_version "12.0 (devel)" "(s20150603-1539-g2693dd32b)";
:ivl_delay_selection "TYPICAL";
:vpi_time_precision + 0;
:vpi_module "C:\iverilog\lib\ivl\system.vpi";
:vpi_module "C:\iverilog\lib\ivl\vhdl_sys.vpi";
:vpi_module "C:\iverilog\lib\ivl\vhdl_textio.vpi";
:vpi_module "C:\iverilog\lib\ivl\v2005_math.vpi";
:vpi_module "C:\iverilog\lib\ivl\va_math.vpi";
S_00000222f3eebb60 .scope module, "tb_traffic_light" "tb_traffic_light" 2 1;
 .timescale 0 0;
v00000222f3f3d920_0 .var "clk", 0 0;
v00000222f3f3db00_0 .var/i "cyc", 31 0;
v00000222f3f3dec0_0 .net "ew_g", 0 0, v00000222f3f3ccf0_0;  1 drivers
v00000222f3f3dd80_0 .net "ew_r", 0 0, v00000222f3f3cd90_0;  1 drivers
v00000222f3f3d9c0_0 .net "ew_y", 0 0, v00000222f3f3ce30_0;  1 drivers
v00000222f3f3e1e0_0 .net "ns_g", 0 0, v00000222f3f3cf70_0;  1 drivers
v00000222f3f3df60_0 .net "ns_r", 0 0, v00000222f3f3d010_0;  1 drivers
v00000222f3f3de20_0 .net "ns_y", 0 0, v00000222f3f3d0b0_0;  1 drivers
v00000222f3f3d600_0 .var "rst", 0 0;
v00000222f3f3d740_0 .var "tick", 0 0;
S_00000222f3eebcf0 .scope module, "dut" "traffic_light" 2 5, 3 1 0, S_00000222f3eebb60;
 .timescale 0 0;
    .port_info 0 /INPUT 1 "clk";
    .port_info 1 /INPUT 1 "rst";
    .port_info 2 /INPUT 1 "tick";
    .port_info 3 /OUTPUT 1 "ns_g";
    .port_info 4 /OUTPUT 1 "ns_y";
    .port_info 5 /OUTPUT 1 "ns_r";
    .port_info 6 /OUTPUT 1 "ew_g";
    .port_info 7 /OUTPUT 1 "ew_y";
    .port_info 8 /OUTPUT 1 "ew_r";
P_00000222f3eebe80 .param/l "S_EW_G" 1 3 13, C4<10>;
P_00000222f3eebeb8 .param/l "S_EW_Y" 1 3 14, C4<11>;
P_00000222f3eebef0 .param/l "S_NS_G" 1 3 11, C4<00>;
P_00000222f3eebf28 .param/l "S_NS_Y" 1 3 12, C4<01>;
v00000222f3eb3560_0 .net "clk", 0 0, v00000222f3f3d920_0;  1 drivers
v00000222f3f3cc50_0 .var "count", 2 0;
v00000222f3f3ccf0_0 .var "ew_g", 0 0;
v00000222f3f3cd90_0 .var "ew_r", 0 0;
v00000222f3f3ce30_0 .var "ew_y", 0 0;
v00000222f3f3ced0_0 .var "next_state", 1 0;
v00000222f3f3cf70_0 .var "ns_g", 0 0;
v00000222f3f3d010_0 .var "ns_r", 0 0;
v00000222f3f3d0b0_0 .var "ns_y", 0 0;
v00000222f3f3d150_0 .net "rst", 0 0, v00000222f3f3d600_0;  1 drivers
v00000222f3f3d1f0_0 .var "state", 1 0;
v00000222f3f3dce0_0 .net "tick", 0 0, v00000222f3f3d740_0;  1 drivers
E_00000222f3ed98e0 .event anyedge, v00000222f3f3d1f0_0;
E_00000222f3ed9220 .event anyedge, v00000222f3f3d1f0_0, v00000222f3f3dce0_0, v00000222f3f3cc50_0;
E_00000222f3ed9920 .event posedge, v00000222f3eb3560_0;
    .scope S_00000222f3eebcf0;
T_0 ;
    %wait E_00000222f3ed9920;
    %load/vec4 v00000222f3f3d150_0;
    %flag_set/vec4 8;
    %jmp/0xz  T_0.0, 8;
    %pushi/vec4 0, 0, 2;
    %assign/vec4 v00000222f3f3d1f0_0, 0;
    %pushi/vec4 0, 0, 3;
    %assign/vec4 v00000222f3f3cc50_0, 0;
    %jmp T_0.1;
T_0.0 ;
    %load/vec4 v00000222f3f3ced0_0;
    %assign/vec4 v00000222f3f3d1f0_0, 0;
    %load/vec4 v00000222f3f3dce0_0;
    %flag_set/vec4 8;
    %jmp/0xz  T_0.2, 8;
    %load/vec4 v00000222f3f3d1f0_0;
    %cmpi/e 0, 0, 2;
    %flag_get/vec4 4;
    %jmp/0 T_0.9, 4;
    %load/vec4 v00000222f3f3cc50_0;
    %pad/u 32;
    %pushi/vec4 4, 0, 32;
    %cmp/e;
    %flag_get/vec4 4;
    %and;
T_0.9;
    %flag_set/vec4 8;
    %jmp/1 T_0.8, 8;
    %load/vec4 v00000222f3f3d1f0_0;
    %cmpi/e 1, 0, 2;
    %flag_get/vec4 4;
    %jmp/0 T_0.10, 4;
    %load/vec4 v00000222f3f3cc50_0;
    %pad/u 32;
    %pushi/vec4 1, 0, 32;
    %cmp/e;
    %flag_get/vec4 4;
    %and;
T_0.10;
    %flag_set/vec4 9;
    %flag_or 8, 9;
T_0.8;
    %jmp/1 T_0.7, 8;
    %load/vec4 v00000222f3f3d1f0_0;
    %cmpi/e 2, 0, 2;
    %flag_get/vec4 4;
    %jmp/0 T_0.11, 4;
    %load/vec4 v00000222f3f3cc50_0;
    %pad/u 32;
    %pushi/vec4 4, 0, 32;
    %cmp/e;
    %flag_get/vec4 4;
    %and;
T_0.11;
    %flag_set/vec4 9;
    %flag_or 8, 9;
T_0.7;
    %jmp/1 T_0.6, 8;
    %load/vec4 v00000222f3f3d1f0_0;
    %cmpi/e 3, 0, 2;
    %flag_get/vec4 4;
    %jmp/0 T_0.12, 4;
    %load/vec4 v00000222f3f3cc50_0;
    %pad/u 32;
    %pushi/vec4 1, 0, 32;
    %cmp/e;
    %flag_get/vec4 4;
    %and;
T_0.12;
    %flag_set/vec4 9;
    %flag_or 8, 9;
T_0.6;
    %jmp/0xz  T_0.4, 8;
    %pushi/vec4 0, 0, 3;
    %assign/vec4 v00000222f3f3cc50_0, 0;
    %jmp T_0.5;
T_0.4 ;
    %load/vec4 v00000222f3f3cc50_0;
    %addi 1, 0, 3;
    %assign/vec4 v00000222f3f3cc50_0, 0;
T_0.5 ;
T_0.2 ;
T_0.1 ;
    %jmp T_0;
    .thread T_0;
    .scope S_00000222f3eebcf0;
T_1 ;
    %wait E_00000222f3ed9220;
    %load/vec4 v00000222f3f3d1f0_0;
    %store/vec4 v00000222f3f3ced0_0, 0, 2;
    %load/vec4 v00000222f3f3d1f0_0;
    %dup/vec4;
    %pushi/vec4 0, 0, 2;
    %cmp/u;
    %jmp/1 T_1.0, 6;
    %dup/vec4;
    %pushi/vec4 1, 0, 2;
    %cmp/u;
    %jmp/1 T_1.1, 6;
    %dup/vec4;
    %pushi/vec4 2, 0, 2;
    %cmp/u;
    %jmp/1 T_1.2, 6;
    %dup/vec4;
    %pushi/vec4 3, 0, 2;
    %cmp/u;
    %jmp/1 T_1.3, 6;
    %jmp T_1.4;
T_1.0 ;
    %load/vec4 v00000222f3f3dce0_0;
    %flag_set/vec4 9;
    %flag_get/vec4 9;
    %jmp/0 T_1.7, 9;
    %load/vec4 v00000222f3f3cc50_0;
    %pad/u 32;
    %pushi/vec4 4, 0, 32;
    %cmp/e;
    %flag_get/vec4 4;
    %and;
T_1.7;
    %flag_set/vec4 8;
    %jmp/0xz  T_1.5, 8;
    %pushi/vec4 1, 0, 2;
    %store/vec4 v00000222f3f3ced0_0, 0, 2;
T_1.5 ;
    %jmp T_1.4;
T_1.1 ;
    %load/vec4 v00000222f3f3dce0_0;
    %flag_set/vec4 9;
    %flag_get/vec4 9;
    %jmp/0 T_1.10, 9;
    %load/vec4 v00000222f3f3cc50_0;
    %pad/u 32;
    %pushi/vec4 1, 0, 32;
    %cmp/e;
    %flag_get/vec4 4;
    %and;
T_1.10;
    %flag_set/vec4 8;
    %jmp/0xz  T_1.8, 8;
    %pushi/vec4 2, 0, 2;
    %store/vec4 v00000222f3f3ced0_0, 0, 2;
T_1.8 ;
    %jmp T_1.4;
T_1.2 ;
    %load/vec4 v00000222f3f3dce0_0;
    %flag_set/vec4 9;
    %flag_get/vec4 9;
    %jmp/0 T_1.13, 9;
    %load/vec4 v00000222f3f3cc50_0;
    %pad/u 32;
    %pushi/vec4 4, 0, 32;
    %cmp/e;
    %flag_get/vec4 4;
    %and;
T_1.13;
    %flag_set/vec4 8;
    %jmp/0xz  T_1.11, 8;
    %pushi/vec4 3, 0, 2;
    %store/vec4 v00000222f3f3ced0_0, 0, 2;
T_1.11 ;
    %jmp T_1.4;
T_1.3 ;
    %load/vec4 v00000222f3f3dce0_0;
    %flag_set/vec4 9;
    %flag_get/vec4 9;
    %jmp/0 T_1.16, 9;
    %load/vec4 v00000222f3f3cc50_0;
    %pad/u 32;
    %pushi/vec4 1, 0, 32;
    %cmp/e;
    %flag_get/vec4 4;
    %and;
T_1.16;
    %flag_set/vec4 8;
    %jmp/0xz  T_1.14, 8;
    %pushi/vec4 0, 0, 2;
    %store/vec4 v00000222f3f3ced0_0, 0, 2;
T_1.14 ;
    %jmp T_1.4;
T_1.4 ;
    %pop/vec4 1;
    %jmp T_1;
    .thread T_1, $push;
    .scope S_00000222f3eebcf0;
T_2 ;
    %wait E_00000222f3ed98e0;
    %pushi/vec4 0, 0, 1;
    %store/vec4 v00000222f3f3cf70_0, 0, 1;
    %pushi/vec4 0, 0, 1;
    %store/vec4 v00000222f3f3d0b0_0, 0, 1;
    %pushi/vec4 0, 0, 1;
    %store/vec4 v00000222f3f3d010_0, 0, 1;
    %pushi/vec4 0, 0, 1;
    %store/vec4 v00000222f3f3ccf0_0, 0, 1;
    %pushi/vec4 0, 0, 1;
    %store/vec4 v00000222f3f3ce30_0, 0, 1;
    %pushi/vec4 0, 0, 1;
    %store/vec4 v00000222f3f3cd90_0, 0, 1;
    %load/vec4 v00000222f3f3d1f0_0;
    %dup/vec4;
    %pushi/vec4 0, 0, 2;
    %cmp/u;
    %jmp/1 T_2.0, 6;
    %dup/vec4;
    %pushi/vec4 1, 0, 2;
    %cmp/u;
    %jmp/1 T_2.1, 6;
    %dup/vec4;
    %pushi/vec4 2, 0, 2;
    %cmp/u;
    %jmp/1 T_2.2, 6;
    %dup/vec4;
    %pushi/vec4 3, 0, 2;
    %cmp/u;
    %jmp/1 T_2.3, 6;
    %jmp T_2.4;
T_2.0 ;
    %pushi/vec4 1, 0, 1;
    %store/vec4 v00000222f3f3cf70_0, 0, 1;
    %pushi/vec4 1, 0, 1;
    %store/vec4 v00000222f3f3cd90_0, 0, 1;
    %jmp T_2.4;
T_2.1 ;
    %pushi/vec4 1, 0, 1;
    %store/vec4 v00000222f3f3d0b0_0, 0, 1;
    %pushi/vec4 1, 0, 1;
    %store/vec4 v00000222f3f3cd90_0, 0, 1;
    %jmp T_2.4;
T_2.2 ;
    %pushi/vec4 1, 0, 1;
    %store/vec4 v00000222f3f3ccf0_0, 0, 1;
    %pushi/vec4 1, 0, 1;
    %store/vec4 v00000222f3f3d010_0, 0, 1;
    %jmp T_2.4;
T_2.3 ;
    %pushi/vec4 1, 0, 1;
    %store/vec4 v00000222f3f3ce30_0, 0, 1;
    %pushi/vec4 1, 0, 1;
    %store/vec4 v00000222f3f3d010_0, 0, 1;
    %jmp T_2.4;
T_2.4 ;
    %pop/vec4 1;
    %jmp T_2;
    .thread T_2, $push;
    .scope S_00000222f3eebb60;
T_3 ;
    %delay 5, 0;
    %load/vec4 v00000222f3f3d920_0;
    %inv;
    %store/vec4 v00000222f3f3d920_0, 0, 1;
    %jmp T_3;
    .thread T_3;
    .scope S_00000222f3eebb60;
T_4 ;
    %vpi_call 2 16 "$dumpfile", "dump.vcd" {0 0 0};
    %vpi_call 2 17 "$dumpvars", 32'sb00000000000000000000000000000000, S_00000222f3eebb60 {0 0 0};
    %pushi/vec4 0, 0, 1;
    %store/vec4 v00000222f3f3d920_0, 0, 1;
    %pushi/vec4 1, 0, 1;
    %store/vec4 v00000222f3f3d600_0, 0, 1;
    %pushi/vec4 0, 0, 1;
    %store/vec4 v00000222f3f3d740_0, 0, 1;
    %pushi/vec4 0, 0, 32;
    %store/vec4 v00000222f3f3db00_0, 0, 32;
    %delay 12, 0;
    %pushi/vec4 0, 0, 1;
    %store/vec4 v00000222f3f3d600_0, 0, 1;
T_4.0 ;
    %wait E_00000222f3ed9920;
    %load/vec4 v00000222f3f3db00_0;
    %addi 1, 0, 32;
    %store/vec4 v00000222f3f3db00_0, 0, 32;
    %load/vec4 v00000222f3f3db00_0;
    %pushi/vec4 20, 0, 32;
    %mod/s;
    %cmpi/e 0, 0, 32;
    %jmp/0xz  T_4.1, 4;
    %pushi/vec4 1, 0, 1;
    %store/vec4 v00000222f3f3d740_0, 0, 1;
    %jmp T_4.2;
T_4.1 ;
    %pushi/vec4 0, 0, 1;
    %store/vec4 v00000222f3f3d740_0, 0, 1;
T_4.2 ;
    %jmp T_4.0;
    %end;
    .thread T_4;
    .scope S_00000222f3eebb60;
T_5 ;
    %delay 2000, 0;
    %vpi_call 2 34 "$finish" {0 0 0};
    %end;
    .thread T_5;
# The file index is used to find the file name in the following table.
:file_names 4;
    "N/A";
    "<interactive>";
    "tb_traffic_light.v";
    "traffic_light.v";
