#! /c/Source/iverilog-install/bin/vvp
:ivl_version "12.0 (devel)" "(s20150603-1539-g2693dd32b)";
:ivl_delay_selection "TYPICAL";
:vpi_time_precision + 0;
:vpi_module "C:\iverilog\lib\ivl\system.vpi";
:vpi_module "C:\iverilog\lib\ivl\vhdl_sys.vpi";
:vpi_module "C:\iverilog\lib\ivl\vhdl_textio.vpi";
:vpi_module "C:\iverilog\lib\ivl\v2005_math.vpi";
:vpi_module "C:\iverilog\lib\ivl\va_math.vpi";
S_000001db4ee8e480 .scope module, "tb_link" "tb_link" 2 1;
 .timescale 0 0;
v000001db4eefba20_0 .var "clk", 0 0;
v000001db4eefc1a0_0 .net "done", 0 0, v000001db4eea67a0_0;  1 drivers
v000001db4eefc2e0_0 .net "last_byte", 7 0, v000001db4eefc600_0;  1 drivers
v000001db4eefbb60_0 .var "rst", 0 0;
S_000001db4eea9e80 .scope module, "dut" "link_top" 2 6, 3 1 0, S_000001db4ee8e480;
 .timescale 0 0;
    .port_info 0 /INPUT 1 "clk";
    .port_info 1 /INPUT 1 "rst";
    .port_info 2 /OUTPUT 1 "done";
    .port_info 3 /OUTPUT 8 "last_byte";
v000001db4eefc240_0 .net "ack", 0 0, v000001db4eefbac0_0;  1 drivers
v000001db4eefbfc0_0 .net "clk", 0 0, v000001db4eefba20_0;  1 drivers
v000001db4eefc740_0 .net "data", 7 0, v000001db4ee63340_0;  1 drivers
v000001db4eefbf20_0 .net "done", 0 0, v000001db4eea67a0_0;  alias, 1 drivers
v000001db4eefb8e0_0 .net "last_byte", 7 0, v000001db4eefc600_0;  alias, 1 drivers
v000001db4eefb980_0 .net "req", 0 0, v000001db4eea6980_0;  1 drivers
v000001db4eefc060_0 .net "rst", 0 0, v000001db4eefbb60_0;  1 drivers
S_000001db4eeaa010 .scope module, "u_master" "master_fsm" 3 10, 4 1 0, S_000001db4eea9e80;
 .timescale 0 0;
    .port_info 0 /INPUT 1 "clk";
    .port_info 1 /INPUT 1 "rst";
    .port_info 2 /INPUT 1 "ack";
    .port_info 3 /OUTPUT 1 "req";
    .port_info 4 /OUTPUT 8 "data";
    .port_info 5 /OUTPUT 1 "done";
P_000001db4eeaa1a0 .param/l "DONE" 1 4 9, C4<101>;
P_000001db4eeaa1d8 .param/l "IDLE" 1 4 9, C4<000>;
P_000001db4eeaa210 .param/l "LOAD" 1 4 9, C4<001>;
P_000001db4eeaa248 .param/l "NEXT" 1 4 9, C4<100>;
P_000001db4eeaa280 .param/l "WAIT_ACK0" 1 4 9, C4<011>;
P_000001db4eeaa2b8 .param/l "WAIT_ACK1" 1 4 9, C4<010>;
v000001db4ee8bb10_0 .net "ack", 0 0, v000001db4eefbac0_0;  alias, 1 drivers
v000001db4ee888f0_0 .net "clk", 0 0, v000001db4eefba20_0;  alias, 1 drivers
v000001db4ee63340_0 .var "data", 7 0;
v000001db4eea67a0_0 .var "done", 0 0;
v000001db4eea6840_0 .var "idx", 1 0;
v000001db4eea68e0_0 .var "next_state", 2 0;
v000001db4eea6980_0 .var "req", 0 0;
L_000001db4eefc8a8 .functor BUFT 1, C4<10100001>, C4<0>, C4<0>, C4<0>;
v000001db4eea6a20_0 .net "rom0", 7 0, L_000001db4eefc8a8;  1 drivers
L_000001db4eefc8f0 .functor BUFT 1, C4<10110010>, C4<0>, C4<0>, C4<0>;
v000001db4eea6ac0_0 .net "rom1", 7 0, L_000001db4eefc8f0;  1 drivers
L_000001db4eefc938 .functor BUFT 1, C4<11000011>, C4<0>, C4<0>, C4<0>;
v000001db4eea6b60_0 .net "rom2", 7 0, L_000001db4eefc938;  1 drivers
L_000001db4eefc980 .functor BUFT 1, C4<11010100>, C4<0>, C4<0>, C4<0>;
v000001db4eefbc00_0 .net "rom3", 7 0, L_000001db4eefc980;  1 drivers
v000001db4eefc560_0 .net "rst", 0 0, v000001db4eefbb60_0;  alias, 1 drivers
v000001db4eefc100_0 .var "state", 2 0;
E_000001db4ee8da60 .event posedge, v000001db4ee888f0_0;
E_000001db4ee8d1a0 .event anyedge, v000001db4eefc100_0, v000001db4ee8bb10_0, v000001db4eea6840_0;
S_000001db4ee62ce0 .scope module, "u_slave" "slave_fsm" 3 15, 5 1 0, S_000001db4eea9e80;
 .timescale 0 0;
    .port_info 0 /INPUT 1 "clk";
    .port_info 1 /INPUT 1 "rst";
    .port_info 2 /INPUT 1 "req";
    .port_info 3 /INPUT 8 "data_in";
    .port_info 4 /OUTPUT 1 "ack";
    .port_info 5 /OUTPUT 8 "last_byte";
P_000001db4ee9eef0 .param/l "ACK" 1 5 9, C4<01>;
P_000001db4ee9ef28 .param/l "WAIT" 1 5 9, C4<00>;
v000001db4eefbac0_0 .var "ack", 0 0;
v000001db4eefbca0_0 .net "clk", 0 0, v000001db4eefba20_0;  alias, 1 drivers
v000001db4eefc7e0_0 .var "cnt", 1 0;
v000001db4eefbe80_0 .net "data_in", 7 0, v000001db4ee63340_0;  alias, 1 drivers
v000001db4eefc600_0 .var "last_byte", 7 0;
v000001db4eefbd40_0 .var "next_state", 1 0;
v000001db4eefbde0_0 .net "req", 0 0, v000001db4eea6980_0;  alias, 1 drivers
v000001db4eefc4c0_0 .net "rst", 0 0, v000001db4eefbb60_0;  alias, 1 drivers
v000001db4eefc6a0_0 .var "state", 1 0;
E_000001db4ee8d3e0 .event anyedge, v000001db4eefc6a0_0, v000001db4eea6980_0, v000001db4eefc7e0_0;
    .scope S_000001db4eeaa010;
T_0 ;
    %wait E_000001db4ee8da60;
    %load/vec4 v000001db4eefc560_0;
    %flag_set/vec4 8;
    %jmp/0xz  T_0.0, 8;
    %pushi/vec4 0, 0, 3;
    %assign/vec4 v000001db4eefc100_0, 0;
    %pushi/vec4 0, 0, 2;
    %assign/vec4 v000001db4eea6840_0, 0;
    %pushi/vec4 0, 0, 8;
    %assign/vec4 v000001db4ee63340_0, 0;
    %pushi/vec4 0, 0, 1;
    %assign/vec4 v000001db4eea6980_0, 0;
    %pushi/vec4 0, 0, 1;
    %assign/vec4 v000001db4eea67a0_0, 0;
    %jmp T_0.1;
T_0.0 ;
    %load/vec4 v000001db4eea68e0_0;
    %assign/vec4 v000001db4eefc100_0, 0;
T_0.1 ;
    %jmp T_0;
    .thread T_0;
    .scope S_000001db4eeaa010;
T_1 ;
    %wait E_000001db4ee8d1a0;
    %load/vec4 v000001db4eefc100_0;
    %store/vec4 v000001db4eea68e0_0, 0, 3;
    %pushi/vec4 0, 0, 1;
    %store/vec4 v000001db4eea6980_0, 0, 1;
    %pushi/vec4 0, 0, 1;
    %store/vec4 v000001db4eea67a0_0, 0, 1;
    %load/vec4 v000001db4eefc100_0;
    %dup/vec4;
    %pushi/vec4 0, 0, 3;
    %cmp/u;
    %jmp/1 T_1.0, 6;
    %dup/vec4;
    %pushi/vec4 1, 0, 3;
    %cmp/u;
    %jmp/1 T_1.1, 6;
    %dup/vec4;
    %pushi/vec4 2, 0, 3;
    %cmp/u;
    %jmp/1 T_1.2, 6;
    %dup/vec4;
    %pushi/vec4 3, 0, 3;
    %cmp/u;
    %jmp/1 T_1.3, 6;
    %dup/vec4;
    %pushi/vec4 4, 0, 3;
    %cmp/u;
    %jmp/1 T_1.4, 6;
    %dup/vec4;
    %pushi/vec4 5, 0, 3;
    %cmp/u;
    %jmp/1 T_1.5, 6;
    %jmp T_1.6;
T_1.0 ;
    %pushi/vec4 1, 0, 3;
    %store/vec4 v000001db4eea68e0_0, 0, 3;
    %jmp T_1.6;
T_1.1 ;
    %pushi/vec4 1, 0, 1;
    %store/vec4 v000001db4eea6980_0, 0, 1;
    %pushi/vec4 2, 0, 3;
    %store/vec4 v000001db4eea68e0_0, 0, 3;
    %jmp T_1.6;
T_1.2 ;
    %pushi/vec4 1, 0, 1;
    %store/vec4 v000001db4eea6980_0, 0, 1;
    %load/vec4 v000001db4ee8bb10_0;
    %flag_set/vec4 8;
    %jmp/0xz  T_1.7, 8;
    %pushi/vec4 3, 0, 3;
    %store/vec4 v000001db4eea68e0_0, 0, 3;
T_1.7 ;
    %jmp T_1.6;
T_1.3 ;
    %pushi/vec4 1, 0, 1;
    %store/vec4 v000001db4eea6980_0, 0, 1;
    %load/vec4 v000001db4ee8bb10_0;
    %nor/r;
    %flag_set/vec4 8;
    %jmp/0xz  T_1.9, 8;
    %pushi/vec4 4, 0, 3;
    %store/vec4 v000001db4eea68e0_0, 0, 3;
T_1.9 ;
    %jmp T_1.6;
T_1.4 ;
    %load/vec4 v000001db4eea6840_0;
    %cmpi/e 3, 0, 2;
    %jmp/0xz  T_1.11, 4;
    %pushi/vec4 5, 0, 3;
    %store/vec4 v000001db4eea68e0_0, 0, 3;
    %jmp T_1.12;
T_1.11 ;
    %pushi/vec4 1, 0, 3;
    %store/vec4 v000001db4eea68e0_0, 0, 3;
T_1.12 ;
    %jmp T_1.6;
T_1.5 ;
    %pushi/vec4 1, 0, 1;
    %store/vec4 v000001db4eea67a0_0, 0, 1;
    %pushi/vec4 0, 0, 3;
    %store/vec4 v000001db4eea68e0_0, 0, 3;
    %jmp T_1.6;
T_1.6 ;
    %pop/vec4 1;
    %jmp T_1;
    .thread T_1, $push;
    .scope S_000001db4eeaa010;
T_2 ;
    %wait E_000001db4ee8da60;
    %load/vec4 v000001db4eefc560_0;
    %flag_set/vec4 8;
    %jmp/0xz  T_2.0, 8;
    %pushi/vec4 0, 0, 2;
    %assign/vec4 v000001db4eea6840_0, 0;
    %pushi/vec4 0, 0, 8;
    %assign/vec4 v000001db4ee63340_0, 0;
    %jmp T_2.1;
T_2.0 ;
    %load/vec4 v000001db4eefc100_0;
    %dup/vec4;
    %pushi/vec4 0, 0, 3;
    %cmp/u;
    %jmp/1 T_2.2, 6;
    %dup/vec4;
    %pushi/vec4 1, 0, 3;
    %cmp/u;
    %jmp/1 T_2.3, 6;
    %dup/vec4;
    %pushi/vec4 4, 0, 3;
    %cmp/u;
    %jmp/1 T_2.4, 6;
    %jmp T_2.5;
T_2.2 ;
    %pushi/vec4 0, 0, 2;
    %assign/vec4 v000001db4eea6840_0, 0;
    %pushi/vec4 0, 0, 8;
    %assign/vec4 v000001db4ee63340_0, 0;
    %jmp T_2.5;
T_2.3 ;
    %load/vec4 v000001db4eea6840_0;
    %dup/vec4;
    %pushi/vec4 0, 0, 2;
    %cmp/u;
    %jmp/1 T_2.6, 6;
    %dup/vec4;
    %pushi/vec4 1, 0, 2;
    %cmp/u;
    %jmp/1 T_2.7, 6;
    %dup/vec4;
    %pushi/vec4 2, 0, 2;
    %cmp/u;
    %jmp/1 T_2.8, 6;
    %dup/vec4;
    %pushi/vec4 3, 0, 2;
    %cmp/u;
    %jmp/1 T_2.9, 6;
    %jmp T_2.10;
T_2.6 ;
    %load/vec4 v000001db4eea6a20_0;
    %assign/vec4 v000001db4ee63340_0, 0;
    %jmp T_2.10;
T_2.7 ;
    %load/vec4 v000001db4eea6ac0_0;
    %assign/vec4 v000001db4ee63340_0, 0;
    %jmp T_2.10;
T_2.8 ;
    %load/vec4 v000001db4eea6b60_0;
    %assign/vec4 v000001db4ee63340_0, 0;
    %jmp T_2.10;
T_2.9 ;
    %load/vec4 v000001db4eefbc00_0;
    %assign/vec4 v000001db4ee63340_0, 0;
    %jmp T_2.10;
T_2.10 ;
    %pop/vec4 1;
    %jmp T_2.5;
T_2.4 ;
    %load/vec4 v000001db4eea6840_0;
    %cmpi/ne 3, 0, 2;
    %jmp/0xz  T_2.11, 4;
    %load/vec4 v000001db4eea6840_0;
    %addi 1, 0, 2;
    %assign/vec4 v000001db4eea6840_0, 0;
T_2.11 ;
    %jmp T_2.5;
T_2.5 ;
    %pop/vec4 1;
T_2.1 ;
    %jmp T_2;
    .thread T_2;
    .scope S_000001db4ee62ce0;
T_3 ;
    %wait E_000001db4ee8da60;
    %load/vec4 v000001db4eefc4c0_0;
    %flag_set/vec4 8;
    %jmp/0xz  T_3.0, 8;
    %pushi/vec4 0, 0, 2;
    %assign/vec4 v000001db4eefc6a0_0, 0;
    %pushi/vec4 0, 0, 2;
    %assign/vec4 v000001db4eefc7e0_0, 0;
    %pushi/vec4 0, 0, 1;
    %assign/vec4 v000001db4eefbac0_0, 0;
    %pushi/vec4 0, 0, 8;
    %assign/vec4 v000001db4eefc600_0, 0;
    %jmp T_3.1;
T_3.0 ;
    %load/vec4 v000001db4eefbd40_0;
    %assign/vec4 v000001db4eefc6a0_0, 0;
T_3.1 ;
    %jmp T_3;
    .thread T_3;
    .scope S_000001db4ee62ce0;
T_4 ;
    %wait E_000001db4ee8d3e0;
    %load/vec4 v000001db4eefc6a0_0;
    %store/vec4 v000001db4eefbd40_0, 0, 2;
    %load/vec4 v000001db4eefc6a0_0;
    %pushi/vec4 1, 0, 2;
    %cmp/e;
    %flag_get/vec4 4;
    %store/vec4 v000001db4eefbac0_0, 0, 1;
    %load/vec4 v000001db4eefc6a0_0;
    %dup/vec4;
    %pushi/vec4 0, 0, 2;
    %cmp/u;
    %jmp/1 T_4.0, 6;
    %dup/vec4;
    %pushi/vec4 1, 0, 2;
    %cmp/u;
    %jmp/1 T_4.1, 6;
    %jmp T_4.2;
T_4.0 ;
    %load/vec4 v000001db4eefbde0_0;
    %flag_set/vec4 8;
    %jmp/0xz  T_4.3, 8;
    %pushi/vec4 1, 0, 2;
    %store/vec4 v000001db4eefbd40_0, 0, 2;
T_4.3 ;
    %jmp T_4.2;
T_4.1 ;
    %load/vec4 v000001db4eefc7e0_0;
    %cmpi/e 1, 0, 2;
    %jmp/0xz  T_4.5, 4;
    %pushi/vec4 0, 0, 2;
    %store/vec4 v000001db4eefbd40_0, 0, 2;
T_4.5 ;
    %jmp T_4.2;
T_4.2 ;
    %pop/vec4 1;
    %jmp T_4;
    .thread T_4, $push;
    .scope S_000001db4ee62ce0;
T_5 ;
    %wait E_000001db4ee8da60;
    %load/vec4 v000001db4eefc4c0_0;
    %flag_set/vec4 8;
    %jmp/0xz  T_5.0, 8;
    %pushi/vec4 0, 0, 2;
    %assign/vec4 v000001db4eefc7e0_0, 0;
    %jmp T_5.1;
T_5.0 ;
    %load/vec4 v000001db4eefc6a0_0;
    %dup/vec4;
    %pushi/vec4 0, 0, 2;
    %cmp/u;
    %jmp/1 T_5.2, 6;
    %dup/vec4;
    %pushi/vec4 1, 0, 2;
    %cmp/u;
    %jmp/1 T_5.3, 6;
    %jmp T_5.4;
T_5.2 ;
    %pushi/vec4 0, 0, 2;
    %assign/vec4 v000001db4eefc7e0_0, 0;
    %load/vec4 v000001db4eefbde0_0;
    %flag_set/vec4 8;
    %jmp/0xz  T_5.5, 8;
    %load/vec4 v000001db4eefbe80_0;
    %assign/vec4 v000001db4eefc600_0, 0;
T_5.5 ;
    %jmp T_5.4;
T_5.3 ;
    %load/vec4 v000001db4eefc7e0_0;
    %addi 1, 0, 2;
    %assign/vec4 v000001db4eefc7e0_0, 0;
    %jmp T_5.4;
T_5.4 ;
    %pop/vec4 1;
T_5.1 ;
    %jmp T_5;
    .thread T_5;
    .scope S_000001db4ee8e480;
T_6 ;
    %delay 5, 0;
    %load/vec4 v000001db4eefba20_0;
    %inv;
    %store/vec4 v000001db4eefba20_0, 0, 1;
    %jmp T_6;
    .thread T_6;
    .scope S_000001db4ee8e480;
T_7 ;
    %vpi_call 2 11 "$dumpfile", "dump.vcd" {0 0 0};
    %vpi_call 2 12 "$dumpvars", 32'sb00000000000000000000000000000000, S_000001db4ee8e480 {0 0 0};
    %pushi/vec4 0, 0, 1;
    %store/vec4 v000001db4eefba20_0, 0, 1;
    %pushi/vec4 1, 0, 1;
    %store/vec4 v000001db4eefbb60_0, 0, 1;
    %delay 20, 0;
    %pushi/vec4 0, 0, 1;
    %store/vec4 v000001db4eefbb60_0, 0, 1;
    %pushi/vec4 200, 0, 32;
T_7.0 %dup/vec4;
    %pushi/vec4 0, 0, 32;
    %cmp/s;
    %jmp/1xz T_7.1, 5;
    %jmp/1 T_7.1, 4;
    %pushi/vec4 1, 0, 32;
    %sub;
    %wait E_000001db4ee8da60;
    %jmp T_7.0;
T_7.1 ;
    %pop/vec4 1;
    %vpi_call 2 19 "$finish" {0 0 0};
    %end;
    .thread T_7;
# The file index is used to find the file name in the following table.
:file_names 6;
    "N/A";
    "<interactive>";
    "tb_link.v";
    "link_top.v";
    "master_fsm.v";
    "slave_fsm.v";
